# JRE version: Java(TM) SE Runtime Environment (18.0.1.1+2) (build 18.0.1.1+2-6)
# Java VM: Java HotSpot(TM) 64-Bit Server VM (18.0.1.1+2-6, mixed mode, sharing, tiered, compressed oops, compressed class ptrs, g1 gc, windows-amd64)
GC Precious Log:
 CardTable entry size: 512
 Card Set container configuration: InlinePtr #cards 5 size 8 Array Of Cards #cards 12 size 40 Howl #buckets 4 coarsen threshold 1843 Howl Bitmap #cards 512 size 80 coarsen threshold 460 Card regions per heap region 1 cards per card region 2048
 CPUs: 8 total, 8 available
 Memory: 8143M
 Large Page Support: Disabled
 NUMA Support: Disabled
 Compressed Oops: Enabled (32-bit)
 Heap Region Size: 1M
 Heap Min Capacity: 8M
 Heap Initial Capacity: 128M
 Heap Max Capacity: 2036M
 Pre-touch: Disabled
 Parallel Workers: 8
 Concurrent Workers: 2
 Concurrent Refinement Workers: 8
 Periodic GC: Disabled
Heap:
 garbage-first heap   total 68608K, used 53291K [0x0000000080c00000, 0x0000000100000000)
  region size 1024K, 24 young (24576K), 2 survivors (2048K)
 Metaspace       used 73215K, committed 74048K, reserved 1114112K
  class space    used 9211K, committed 9600K, reserved 1048576K
GC Heap History (20 events):
Event: 1023.062 GC heap after
{Heap after GC invocations=60 (full 3):
 garbage-first heap   total 66560K, used 32715K [0x0000000080c00000, 0x0000000100000000)
  region size 1024K, 2 young (2048K), 2 survivors (2048K)
 Metaspace       used 71732K, committed 72640K, reserved 1114112K
  class space    used 9114K, committed 9536K, reserved 1048576K
}
Event: 1023.261 GC heap before
{Heap before GC invocations=61 (full 3):
 garbage-first heap   total 66560K, used 51147K [0x0000000080c00000, 0x0000000100000000)
  region size 1024K, 20 young (20480K), 2 survivors (2048K)
 Metaspace       used 71926K, committed 72832K, reserved 1114112K
  class space    used 9127K, committed 9536K, reserved 1048576K
}
Event: 1023.262 GC heap after
{Heap after GC invocations=62 (full 3):
 garbage-first heap   total 66560K, used 33012K [0x0000000080c00000, 0x0000000100000000)
  region size 1024K, 2 young (2048K), 2 survivors (2048K)
 Metaspace       used 71926K, committed 72832K, reserved 1114112K
  class space    used 9127K, committed 9536K, reserved 1048576K
}
Event: 1043.175 GC heap before
{Heap before GC invocations=62 (full 3):
 garbage-first heap   total 66560K, used 52468K [0x0000000080c00000, 0x0000000100000000)
  region size 1024K, 21 young (21504K), 2 survivors (2048K)
 Metaspace       used 71993K, committed 72832K, reserved 1114112K
  class space    used 9128K, committed 9536K, reserved 1048576K
}
Event: 1043.180 GC heap after
{Heap after GC invocations=63 (full 3):
 garbage-first heap   total 66560K, used 34032K [0x0000000080c00000, 0x0000000100000000)
  region size 1024K, 2 young (2048K), 2 survivors (2048K)
 Metaspace       used 71993K, committed 72832K, reserved 1114112K
  class space    used 9128K, committed 9536K, reserved 1048576K
}
Event: 1063.808 GC heap before
{Heap before GC invocations=64 (full 3):
 garbage-first heap   total 66560K, used 39091K [0x0000000080c00000, 0x0000000100000000)
  region size 1024K, 8 young (8192K), 2 survivors (2048K)
 Metaspace       used 72012K, committed 72896K, reserved 1114112K
  class space    used 9129K, committed 9536K, reserved 1048576K
}
Event: 1063.854 GC heap after
{Heap after GC invocations=65 (full 4):
 garbage-first heap   total 66560K, used 27682K [0x0000000080c00000, 0x0000000100000000)
  region size 1024K, 0 young (0K), 0 survivors (0K)
 Metaspace       used 72005K, committed 72896K, reserved 1114112K
  class space    used 9128K, committed 9536K, reserved 1048576K
}
Event: 1064.262 GC heap before
{Heap before GC invocations=65 (full 4):
 garbage-first heap   total 66560K, used 50210K [0x0000000080c00000, 0x0000000100000000)
  region size 1024K, 23 young (23552K), 0 survivors (0K)
 Metaspace       used 72174K, committed 73024K, reserved 1114112K
  class space    used 9144K, committed 9536K, reserved 1048576K
}
Event: 1064.264 GC heap after
{Heap after GC invocations=66 (full 4):
 garbage-first heap   total 66560K, used 29921K [0x0000000080c00000, 0x0000000100000000)
  region size 1024K, 3 young (3072K), 3 survivors (3072K)
 Metaspace       used 72174K, committed 73024K, reserved 1114112K
  class space    used 9144K, committed 9536K, reserved 1048576K
}
Event: 1064.521 GC heap before
{Heap before GC invocations=67 (full 4):
 garbage-first heap   total 66560K, used 50401K [0x0000000080c00000, 0x0000000100000000)
  region size 1024K, 23 young (23552K), 3 survivors (3072K)
 Metaspace       used 72348K, committed 73152K, reserved 1114112K
  class space    used 9153K, committed 9536K, reserved 1048576K
}
Event: 1064.524 GC heap after
{Heap after GC invocations=68 (full 4):
 garbage-first heap   total 66560K, used 31281K [0x0000000080c00000, 0x0000000100000000)
  region size 1024K, 2 young (2048K), 2 survivors (2048K)
 Metaspace       used 72348K, committed 73152K, reserved 1114112K
  class space    used 9153K, committed 9536K, reserved 1048576K
}
Event: 1064.881 GC heap before
{Heap before GC invocations=68 (full 4):
 garbage-first heap   total 66560K, used 50737K [0x0000000080c00000, 0x0000000100000000)
  region size 1024K, 21 young (21504K), 2 survivors (2048K)
 Metaspace       used 72680K, committed 73536K, reserved 1114112K
  class space    used 9173K, committed 9600K, reserved 1048576K
}
Event: 1064.883 GC heap after
{Heap after GC invocations=69 (full 4):
 garbage-first heap   total 66560K, used 32695K [0x0000000080c00000, 0x0000000100000000)
  region size 1024K, 3 young (3072K), 3 survivors (3072K)
 Metaspace       used 72680K, committed 73536K, reserved 1114112K
  class space    used 9173K, committed 9600K, reserved 1048576K
}
Event: 1064.999 GC heap before
{Heap before GC invocations=70 (full 4):
 garbage-first heap   total 68608K, used 51127K [0x0000000080c00000, 0x0000000100000000)
  region size 1024K, 21 young (21504K), 3 survivors (3072K)
 Metaspace       used 72865K, committed 73728K, reserved 1114112K
  class space    used 9184K, committed 9600K, reserved 1048576K
}
Event: 1065.003 GC heap after
{Heap after GC invocations=71 (full 4):
 garbage-first heap   total 68608K, used 33338K [0x0000000080c00000, 0x0000000100000000)
  region size 1024K, 1 young (1024K), 1 survivors (1024K)
 Metaspace       used 72865K, committed 73728K, reserved 1114112K
  class space    used 9184K, committed 9600K, reserved 1048576K
}
Event: 1088.706 GC heap before
{Heap before GC invocations=71 (full 4):
 garbage-first heap   total 68608K, used 49722K [0x0000000080c00000, 0x0000000100000000)
  region size 1024K, 18 young (18432K), 1 survivors (1024K)
 Metaspace       used 72898K, committed 73728K, reserved 1114112K
  class space    used 9185K, committed 9600K, reserved 1048576K
}
Event: 1088.755 GC heap after
{Heap after GC invocations=72 (full 5):
 garbage-first heap   total 68608K, used 28137K [0x0000000080c00000, 0x0000000100000000)
  region size 1024K, 0 young (0K), 0 survivors (0K)
 Metaspace       used 72888K, committed 73728K, reserved 1114112K
  class space    used 9183K, committed 9600K, reserved 1048576K
}
Event: 1089.146 GC heap before
{Heap before GC invocations=72 (full 5):
 garbage-first heap   total 68608K, used 53737K [0x0000000080c00000, 0x0000000100000000)
  region size 1024K, 25 young (25600K), 0 survivors (0K)
 Metaspace       used 73056K, committed 73920K, reserved 1114112K
  class space    used 9200K, committed 9600K, reserved 1048576K
}
Event: 1089.148 GC heap after
{Heap after GC invocations=73 (full 5):
 garbage-first heap   total 68608K, used 30763K [0x0000000080c00000, 0x0000000100000000)
  region size 1024K, 3 young (3072K), 3 survivors (3072K)
 Metaspace       used 73056K, committed 73920K, reserved 1114112K
  class space    used 9200K, committed 9600K, reserved 1048576K
}
Event: 1093.620 GC heap before
{Heap before GC invocations=73 (full 5):
 garbage-first heap   total 68608K, used 53291K [0x0000000080c00000, 0x0000000100000000)
  region size 1024K, 25 young (25600K), 3 survivors (3072K)
 Metaspace       used 73215K, committed 74048K, reserved 1114112K
  class space    used 9211K, committed 9600K, reserved 1048576K
}

